# JRE version: Java(TM) SE Runtime Environment (8.0_112-b16) (build 1.8.0_112-b16)
# Java VM: Java HotSpot(TM) 64-Bit Server VM (25.112-b16 mixed mode bsd-amd64 compressed oops)
Heap:
 PSYoungGen      total 25600K, used 506K [0x00000007bd580000, 0x00000007bef80000, 0x00000007c0000000)
  eden space 25088K, 0% used [0x00000007bd580000,0x00000007bd5bb1b8,0x00000007bee00000)
  from space 512K, 52% used [0x00000007bef00000,0x00000007bef437d0,0x00000007bef80000)
  to   space 512K, 0% used [0x00000007bee80000,0x00000007bee80000,0x00000007bef00000)
 ParOldGen       total 87552K, used 79224K [0x00000007b8000000, 0x00000007bd580000, 0x00000007bd580000)
  object space 87552K, 90% used [0x00000007b8000000,0x00000007bcd5e1c0,0x00000007bd580000)
 Metaspace       used 34251K, capacity 35046K, committed 35328K, reserved 1081344K
  class space    used 4082K, capacity 4263K, committed 4352K, reserved 1048576K
GC Heap History (10 events):
Event: 9878.685 GC heap before
{Heap before GC invocations=249 (full 9):
 PSYoungGen      total 26112K, used 25325K [0x00000007bd580000, 0x00000007bf000000, 0x00000007c0000000)
  eden space 25088K, 100% used [0x00000007bd580000,0x00000007bee00000,0x00000007bee00000)
  from space 1024K, 23% used [0x00000007bee00000,0x00000007bee3b7d0,0x00000007bef00000)
  to   space 1024K, 0% used [0x00000007bef00000,0x00000007bef00000,0x00000007bf000000)
 ParOldGen       total 87552K, used 79224K [0x00000007b8000000, 0x00000007bd580000, 0x00000007bd580000)
  object space 87552K, 90% used [0x00000007b8000000,0x00000007bcd5e1c0,0x00000007bd580000)
 Metaspace       used 34229K, capacity 35046K, committed 35328K, reserved 1081344K
  class space    used 4079K, capacity 4263K, committed 4352K, reserved 1048576K
Event: 9878.688 GC heap after
Heap after GC invocations=249 (full 9):
 PSYoungGen      total 25600K, used 237K [0x00000007bd580000, 0x00000007bef80000, 0x00000007c0000000)
  eden space 25088K, 0% used [0x00000007bd580000,0x00000007bd580000,0x00000007bee00000)
  from space 512K, 46% used [0x00000007bef00000,0x00000007bef3b7d0,0x00000007bef80000)
  to   space 512K, 0% used [0x00000007bee80000,0x00000007bee80000,0x00000007bef00000)
 ParOldGen       total 87552K, used 79224K [0x00000007b8000000, 0x00000007bd580000, 0x00000007bd580000)
  object space 87552K, 90% used [0x00000007b8000000,0x00000007bcd5e1c0,0x00000007bd580000)
 Metaspace       used 34229K, capacity 35046K, committed 35328K, reserved 1081344K
  class space    used 4079K, capacity 4263K, committed 4352K, reserved 1048576K
}
Event: 9960.975 GC heap before
{Heap before GC invocations=250 (full 9):
 PSYoungGen      total 25600K, used 25325K [0x00000007bd580000, 0x00000007bef80000, 0x00000007c0000000)
  eden space 25088K, 100% used [0x00000007bd580000,0x00000007bee00000,0x00000007bee00000)
  from space 512K, 46% used [0x00000007bef00000,0x00000007bef3b7d0,0x00000007bef80000)
  to   space 512K, 0% used [0x00000007bee80000,0x00000007bee80000,0x00000007bef00000)
 ParOldGen       total 87552K, used 79224K [0x00000007b8000000, 0x00000007bd580000, 0x00000007bd580000)
  object space 87552K, 90% used [0x00000007b8000000,0x00000007bcd5e1c0,0x00000007bd580000)
 Metaspace       used 34229K, capacity 35046K, committed 35328K, reserved 1081344K
  class space    used 4079K, capacity 4263K, committed 4352K, reserved 1048576K
Event: 9960.982 GC heap after
Heap after GC invocations=250 (full 9):
 PSYoungGen      total 25600K, used 237K [0x00000007bd580000, 0x00000007bef80000, 0x00000007c0000000)
  eden space 25088K, 0% used [0x00000007bd580000,0x00000007bd580000,0x00000007bee00000)
  from space 512K, 46% used [0x00000007bee80000,0x00000007beebb7d0,0x00000007bef00000)
  to   space 512K, 0% used [0x00000007bef00000,0x00000007bef00000,0x00000007bef80000)
 ParOldGen       total 87552K, used 79224K [0x00000007b8000000, 0x00000007bd580000, 0x00000007bd580000)
  object space 87552K, 90% used [0x00000007b8000000,0x00000007bcd5e1c0,0x00000007bd580000)
 Metaspace       used 34229K, capacity 35046K, committed 35328K, reserved 1081344K
  class space    used 4079K, capacity 4263K, committed 4352K, reserved 1048576K
}
Event: 10042.735 GC heap before
{Heap before GC invocations=251 (full 9):
 PSYoungGen      total 25600K, used 25277K [0x00000007bd580000, 0x00000007bef80000, 0x00000007c0000000)
  eden space 25088K, 99% used [0x00000007bd580000,0x00000007bedf3ff8,0x00000007bee00000)
  from space 512K, 46% used [0x00000007bee80000,0x00000007beebb7d0,0x00000007bef00000)
  to   space 512K, 0% used [0x00000007bef00000,0x00000007bef00000,0x00000007bef80000)
 ParOldGen       total 87552K, used 79224K [0x00000007b8000000, 0x00000007bd580000, 0x00000007bd580000)
  object space 87552K, 90% used [0x00000007b8000000,0x00000007bcd5e1c0,0x00000007bd580000)
 Metaspace       used 34229K, capacity 35046K, committed 35328K, reserved 1081344K
  class space    used 4079K, capacity 4263K, committed 4352K, reserved 1048576K
Event: 10042.737 GC heap after
Heap after GC invocations=251 (full 9):
 PSYoungGen      total 25600K, used 150K [0x00000007bd580000, 0x00000007bef80000, 0x00000007c0000000)
  eden space 25088K, 0% used [0x00000007bd580000,0x00000007bd580000,0x00000007bee00000)
  from space 512K, 29% used [0x00000007bef00000,0x00000007bef25be8,0x00000007bef80000)
  to   space 512K, 0% used [0x00000007bee80000,0x00000007bee80000,0x00000007bef00000)
 ParOldGen       total 87552K, used 79224K [0x00000007b8000000, 0x00000007bd580000, 0x00000007bd580000)
  object space 87552K, 90% used [0x00000007b8000000,0x00000007bcd5e1c0,0x00000007bd580000)
 Metaspace       used 34229K, capacity 35046K, committed 35328K, reserved 1081344K
  class space    used 4079K, capacity 4263K, committed 4352K, reserved 1048576K
}
Event: 10124.906 GC heap before
{Heap before GC invocations=252 (full 9):
 PSYoungGen      total 25600K, used 25210K [0x00000007bd580000, 0x00000007bef80000, 0x00000007c0000000)
  eden space 25088K, 99% used [0x00000007bd580000,0x00000007bedf8ee8,0x00000007bee00000)
  from space 512K, 29% used [0x00000007bef00000,0x00000007bef25be8,0x00000007bef80000)
  to   space 512K, 0% used [0x00000007bee80000,0x00000007bee80000,0x00000007bef00000)
 ParOldGen       total 87552K, used 79224K [0x00000007b8000000, 0x00000007bd580000, 0x00000007bd580000)
  object space 87552K, 90% used [0x00000007b8000000,0x00000007bcd5e1c0,0x00000007bd580000)
 Metaspace       used 34229K, capacity 35046K, committed 35328K, reserved 1081344K
  class space    used 4079K, capacity 4263K, committed 4352K, reserved 1048576K
Event: 10124.910 GC heap after
Heap after GC invocations=252 (full 9):
 PSYoungGen      total 25600K, used 182K [0x00000007bd580000, 0x00000007bef80000, 0x00000007c0000000)
  eden space 25088K, 0% used [0x00000007bd580000,0x00000007bd580000,0x00000007bee00000)
  from space 512K, 35% used [0x00000007bee80000,0x00000007beeadbe8,0x00000007bef00000)
  to   space 512K, 0% used [0x00000007bef00000,0x00000007bef00000,0x00000007bef80000)
 ParOldGen       total 87552K, used 79224K [0x00000007b8000000, 0x00000007bd580000, 0x00000007bd580000)
  object space 87552K, 90% used [0x00000007b8000000,0x00000007bcd5e1c0,0x00000007bd580000)
 Metaspace       used 34229K, capacity 35046K, committed 35328K, reserved 1081344K
  class space    used 4079K, capacity 4263K, committed 4352K, reserved 1048576K
}
Event: 10204.933 GC heap before
{Heap before GC invocations=253 (full 9):
 PSYoungGen      total 25600K, used 25270K [0x00000007bd580000, 0x00000007bef80000, 0x00000007c0000000)
  eden space 25088K, 100% used [0x00000007bd580000,0x00000007bee00000,0x00000007bee00000)
  from space 512K, 35% used [0x00000007bee80000,0x00000007beeadbe8,0x00000007bef00000)
  to   space 512K, 0% used [0x00000007bef00000,0x00000007bef00000,0x00000007bef80000)
 ParOldGen       total 87552K, used 79224K [0x00000007b8000000, 0x00000007bd580000, 0x00000007bd580000)
  object space 87552K, 90% used [0x00000007b8000000,0x00000007bcd5e1c0,0x00000007bd580000)
 Metaspace       used 34251K, capacity 35046K, committed 35328K, reserved 1081344K
  class space    used 4082K, capacity 4263K, committed 4352K, reserved 1048576K
Event: 10204.958 GC heap after
Heap after GC invocations=253 (full 9):
 PSYoungGen      total 25600K, used 269K [0x00000007bd580000, 0x00000007bef80000, 0x00000007c0000000)
  eden space 25088K, 0% used [0x00000007bd580000,0x00000007bd580000,0x00000007bee00000)
  from space 512K, 52% used [0x00000007bef00000,0x00000007bef437d0,0x00000007bef80000)
  to   space 512K, 0% used [0x00000007bee80000,0x00000007bee80000,0x00000007bef00000)
 ParOldGen       total 87552K, used 79224K [0x00000007b8000000, 0x00000007bd580000, 0x00000007bd580000)
  object space 87552K, 90% used [0x00000007b8000000,0x00000007bcd5e1c0,0x00000007bd580000)
 Metaspace       used 34251K, capacity 35046K, committed 35328K, reserved 1081344K
  class space    used 4082K, capacity 4263K, committed 4352K, reserved 1048576K
}

